# JRE version: Java(TM) SE Runtime Environment Oracle GraalVM 21.0.6+8.1 (21.0.6+8) (build 21.0.6+8-LTS-jvmci-23.1-b55)
# Java VM: Java HotSpot(TM) 64-Bit Server VM Oracle GraalVM 21.0.6+8.1 (21.0.6+8-LTS-jvmci-23.1-b55, mixed mode, sharing, tiered, jvmci, jvmci compiler, compressed oops, compressed class ptrs, g1 gc, bsd-aarch64)
Heap:
 garbage-first heap   total 132096K, used 64138K [0x0000000780000000, 0x0000000800000000)
  region size 1024K, 54 young (55296K), 1 survivors (1024K)
 Metaspace       used 11641K, committed 11904K, reserved 1114112K
  class space    used 1070K, committed 1152K, reserved 1048576K
GC Heap History (20 events):
Event: 407.907 GC heap before
{Heap before GC invocations=68 (full 0):
 garbage-first heap   total 132096K, used 87151K [0x0000000780000000, 0x0000000800000000)
  region size 1024K, 76 young (77824K), 1 survivors (1024K)
 Metaspace       used 11621K, committed 11840K, reserved 1114112K
  class space    used 1070K, committed 1152K, reserved 1048576K
}
Event: 407.908 GC heap after
{Heap after GC invocations=69 (full 0):
 garbage-first heap   total 132096K, used 10346K [0x0000000780000000, 0x0000000800000000)
  region size 1024K, 1 young (1024K), 1 survivors (1024K)
 Metaspace       used 11621K, committed 11840K, reserved 1114112K
  class space    used 1070K, committed 1152K, reserved 1048576K
}
Event: 415.007 GC heap before
{Heap before GC invocations=69 (full 0):
 garbage-first heap   total 132096K, used 87146K [0x0000000780000000, 0x0000000800000000)
  region size 1024K, 76 young (77824K), 1 survivors (1024K)
 Metaspace       used 11629K, committed 11904K, reserved 1114112K
  class space    used 1070K, committed 1152K, reserved 1048576K
}
Event: 415.009 GC heap after
{Heap after GC invocations=70 (full 0):
 garbage-first heap   total 132096K, used 10344K [0x0000000780000000, 0x0000000800000000)
  region size 1024K, 1 young (1024K), 1 survivors (1024K)
 Metaspace       used 11629K, committed 11904K, reserved 1114112K
  class space    used 1070K, committed 1152K, reserved 1048576K
}
Event: 421.719 GC heap before
{Heap before GC invocations=70 (full 0):
 garbage-first heap   total 132096K, used 87144K [0x0000000780000000, 0x0000000800000000)
  region size 1024K, 76 young (77824K), 1 survivors (1024K)
 Metaspace       used 11641K, committed 11904K, reserved 1114112K
  class space    used 1070K, committed 1152K, reserved 1048576K
}
Event: 421.721 GC heap after
{Heap after GC invocations=71 (full 0):
 garbage-first heap   total 132096K, used 10348K [0x0000000780000000, 0x0000000800000000)
  region size 1024K, 1 young (1024K), 1 survivors (1024K)
 Metaspace       used 11641K, committed 11904K, reserved 1114112K
  class space    used 1070K, committed 1152K, reserved 1048576K
}
Event: 427.790 GC heap before
{Heap before GC invocations=71 (full 0):
 garbage-first heap   total 132096K, used 87148K [0x0000000780000000, 0x0000000800000000)
  region size 1024K, 76 young (77824K), 1 survivors (1024K)
 Metaspace       used 11641K, committed 11904K, reserved 1114112K
  class space    used 1070K, committed 1152K, reserved 1048576K
}
Event: 427.795 GC heap after
{Heap after GC invocations=72 (full 0):
 garbage-first heap   total 132096K, used 10352K [0x0000000780000000, 0x0000000800000000)
  region size 1024K, 1 young (1024K), 1 survivors (1024K)
 Metaspace       used 11641K, committed 11904K, reserved 1114112K
  class space    used 1070K, committed 1152K, reserved 1048576K
}
Event: 439.187 GC heap before
{Heap before GC invocations=72 (full 0):
 garbage-first heap   total 132096K, used 87152K [0x0000000780000000, 0x0000000800000000)
  region size 1024K, 76 young (77824K), 1 survivors (1024K)
 Metaspace       used 11641K, committed 11904K, reserved 1114112K
  class space    used 1070K, committed 1152K, reserved 1048576K
}
Event: 439.238 GC heap after
{Heap after GC invocations=73 (full 0):
 garbage-first heap   total 132096K, used 10354K [0x0000000780000000, 0x0000000800000000)
  region size 1024K, 1 young (1024K), 1 survivors (1024K)
 Metaspace       used 11641K, committed 11904K, reserved 1114112K
  class space    used 1070K, committed 1152K, reserved 1048576K
}
Event: 476.838 GC heap before
{Heap before GC invocations=73 (full 0):
 garbage-first heap   total 132096K, used 87154K [0x0000000780000000, 0x0000000800000000)
  region size 1024K, 76 young (77824K), 1 survivors (1024K)
 Metaspace       used 11641K, committed 11904K, reserved 1114112K
  class space    used 1070K, committed 1152K, reserved 1048576K
}
Event: 476.858 GC heap after
{Heap after GC invocations=74 (full 0):
 garbage-first heap   total 132096K, used 10357K [0x0000000780000000, 0x0000000800000000)
  region size 1024K, 1 young (1024K), 1 survivors (1024K)
 Metaspace       used 11641K, committed 11904K, reserved 1114112K
  class space    used 1070K, committed 1152K, reserved 1048576K
}
Event: 514.024 GC heap before
{Heap before GC invocations=74 (full 0):
 garbage-first heap   total 132096K, used 87157K [0x0000000780000000, 0x0000000800000000)
  region size 1024K, 76 young (77824K), 1 survivors (1024K)
 Metaspace       used 11641K, committed 11904K, reserved 1114112K
  class space    used 1070K, committed 1152K, reserved 1048576K
}
Event: 514.032 GC heap after
{Heap after GC invocations=75 (full 0):
 garbage-first heap   total 132096K, used 10358K [0x0000000780000000, 0x0000000800000000)
  region size 1024K, 1 young (1024K), 1 survivors (1024K)
 Metaspace       used 11641K, committed 11904K, reserved 1114112K
  class space    used 1070K, committed 1152K, reserved 1048576K
}
Event: 551.465 GC heap before
{Heap before GC invocations=75 (full 0):
 garbage-first heap   total 132096K, used 87158K [0x0000000780000000, 0x0000000800000000)
  region size 1024K, 76 young (77824K), 1 survivors (1024K)
 Metaspace       used 11641K, committed 11904K, reserved 1114112K
  class space    used 1070K, committed 1152K, reserved 1048576K
}
Event: 551.474 GC heap after
{Heap after GC invocations=76 (full 0):
 garbage-first heap   total 132096K, used 10367K [0x0000000780000000, 0x0000000800000000)
  region size 1024K, 1 young (1024K), 1 survivors (1024K)
 Metaspace       used 11641K, committed 11904K, reserved 1114112K
  class space    used 1070K, committed 1152K, reserved 1048576K
}
Event: 586.725 GC heap before
{Heap before GC invocations=76 (full 0):
 garbage-first heap   total 132096K, used 87167K [0x0000000780000000, 0x0000000800000000)
  region size 1024K, 76 young (77824K), 1 survivors (1024K)
 Metaspace       used 11641K, committed 11904K, reserved 1114112K
  class space    used 1070K, committed 1152K, reserved 1048576K
}
Event: 586.730 GC heap after
{Heap after GC invocations=77 (full 0):
 garbage-first heap   total 132096K, used 10367K [0x0000000780000000, 0x0000000800000000)
  region size 1024K, 1 young (1024K), 1 survivors (1024K)
 Metaspace       used 11641K, committed 11904K, reserved 1114112K
  class space    used 1070K, committed 1152K, reserved 1048576K
}
Event: 601.158 GC heap before
{Heap before GC invocations=77 (full 0):
 garbage-first heap   total 132096K, used 87167K [0x0000000780000000, 0x0000000800000000)
  region size 1024K, 76 young (77824K), 1 survivors (1024K)
 Metaspace       used 11641K, committed 11904K, reserved 1114112K
  class space    used 1070K, committed 1152K, reserved 1048576K
}
Event: 601.165 GC heap after
{Heap after GC invocations=78 (full 0):
 garbage-first heap   total 132096K, used 10373K [0x0000000780000000, 0x0000000800000000)
  region size 1024K, 1 young (1024K), 1 survivors (1024K)
 Metaspace       used 11641K, committed 11904K, reserved 1114112K
  class space    used 1070K, committed 1152K, reserved 1048576K
}

