# JRE version: Java(TM) SE Runtime Environment Oracle GraalVM 21.0.6+8.1 (21.0.6+8) (build 21.0.6+8-LTS-jvmci-23.1-b55)
# Java VM: Java HotSpot(TM) 64-Bit Server VM Oracle GraalVM 21.0.6+8.1 (21.0.6+8-LTS-jvmci-23.1-b55, mixed mode, sharing, tiered, jvmci, jvmci compiler, compressed oops, compressed class ptrs, g1 gc, bsd-aarch64)
Heap:
 garbage-first heap   total 132096K, used 55485K [0x0000000780000000, 0x0000000800000000)
  region size 1024K, 54 young (55296K), 3 survivors (3072K)
 Metaspace       used 9642K, committed 9920K, reserved 1114112K
  class space    used 924K, committed 1024K, reserved 1048576K
GC Heap History (20 events):
Event: 28.175 GC heap before
{Heap before GC invocations=4 (full 0):
 garbage-first heap   total 132096K, used 78547K [0x0000000780000000, 0x0000000800000000)
  region size 1024K, 76 young (77824K), 3 survivors (3072K)
 Metaspace       used 9482K, committed 9728K, reserved 1114112K
  class space    used 924K, committed 1024K, reserved 1048576K
}
Event: 28.179 GC heap after
{Heap after GC invocations=5 (full 0):
 garbage-first heap   total 132096K, used 3864K [0x0000000780000000, 0x0000000800000000)
  region size 1024K, 3 young (3072K), 3 survivors (3072K)
 Metaspace       used 9482K, committed 9728K, reserved 1114112K
  class space    used 924K, committed 1024K, reserved 1048576K
}
Event: 35.316 GC heap before
{Heap before GC invocations=5 (full 0):
 garbage-first heap   total 132096K, used 78616K [0x0000000780000000, 0x0000000800000000)
  region size 1024K, 76 young (77824K), 3 survivors (3072K)
 Metaspace       used 9578K, committed 9856K, reserved 1114112K
  class space    used 924K, committed 1024K, reserved 1048576K
}
Event: 35.320 GC heap after
{Heap after GC invocations=6 (full 0):
 garbage-first heap   total 132096K, used 3864K [0x0000000780000000, 0x0000000800000000)
  region size 1024K, 3 young (3072K), 3 survivors (3072K)
 Metaspace       used 9578K, committed 9856K, reserved 1114112K
  class space    used 924K, committed 1024K, reserved 1048576K
}
Event: 42.367 GC heap before
{Heap before GC invocations=6 (full 0):
 garbage-first heap   total 132096K, used 78616K [0x0000000780000000, 0x0000000800000000)
  region size 1024K, 76 young (77824K), 3 survivors (3072K)
 Metaspace       used 9637K, committed 9920K, reserved 1114112K
  class space    used 924K, committed 1024K, reserved 1048576K
}
Event: 42.372 GC heap after
{Heap after GC invocations=7 (full 0):
 garbage-first heap   total 132096K, used 3807K [0x0000000780000000, 0x0000000800000000)
  region size 1024K, 3 young (3072K), 3 survivors (3072K)
 Metaspace       used 9637K, committed 9920K, reserved 1114112K
  class space    used 924K, committed 1024K, reserved 1048576K
}
Event: 49.520 GC heap before
{Heap before GC invocations=7 (full 0):
 garbage-first heap   total 132096K, used 78559K [0x0000000780000000, 0x0000000800000000)
  region size 1024K, 76 young (77824K), 3 survivors (3072K)
 Metaspace       used 9637K, committed 9920K, reserved 1114112K
  class space    used 924K, committed 1024K, reserved 1048576K
}
Event: 49.531 GC heap after
{Heap after GC invocations=8 (full 0):
 garbage-first heap   total 132096K, used 3810K [0x0000000780000000, 0x0000000800000000)
  region size 1024K, 3 young (3072K), 3 survivors (3072K)
 Metaspace       used 9637K, committed 9920K, reserved 1114112K
  class space    used 924K, committed 1024K, reserved 1048576K
}
Event: 56.703 GC heap before
{Heap before GC invocations=8 (full 0):
 garbage-first heap   total 132096K, used 78562K [0x0000000780000000, 0x0000000800000000)
  region size 1024K, 76 young (77824K), 3 survivors (3072K)
 Metaspace       used 9637K, committed 9920K, reserved 1114112K
  class space    used 924K, committed 1024K, reserved 1048576K
}
Event: 56.709 GC heap after
{Heap after GC invocations=9 (full 0):
 garbage-first heap   total 132096K, used 3991K [0x0000000780000000, 0x0000000800000000)
  region size 1024K, 3 young (3072K), 3 survivors (3072K)
 Metaspace       used 9637K, committed 9920K, reserved 1114112K
  class space    used 924K, committed 1024K, reserved 1048576K
}
Event: 63.888 GC heap before
{Heap before GC invocations=9 (full 0):
 garbage-first heap   total 132096K, used 78743K [0x0000000780000000, 0x0000000800000000)
  region size 1024K, 76 young (77824K), 3 survivors (3072K)
 Metaspace       used 9637K, committed 9920K, reserved 1114112K
  class space    used 924K, committed 1024K, reserved 1048576K
}
Event: 63.891 GC heap after
{Heap after GC invocations=10 (full 0):
 garbage-first heap   total 132096K, used 3804K [0x0000000780000000, 0x0000000800000000)
  region size 1024K, 3 young (3072K), 3 survivors (3072K)
 Metaspace       used 9637K, committed 9920K, reserved 1114112K
  class space    used 924K, committed 1024K, reserved 1048576K
}
Event: 71.068 GC heap before
{Heap before GC invocations=10 (full 0):
 garbage-first heap   total 132096K, used 78556K [0x0000000780000000, 0x0000000800000000)
  region size 1024K, 76 young (77824K), 3 survivors (3072K)
 Metaspace       used 9637K, committed 9920K, reserved 1114112K
  class space    used 924K, committed 1024K, reserved 1048576K
}
Event: 71.073 GC heap after
{Heap after GC invocations=11 (full 0):
 garbage-first heap   total 132096K, used 3679K [0x0000000780000000, 0x0000000800000000)
  region size 1024K, 3 young (3072K), 3 survivors (3072K)
 Metaspace       used 9637K, committed 9920K, reserved 1114112K
  class space    used 924K, committed 1024K, reserved 1048576K
}
Event: 78.247 GC heap before
{Heap before GC invocations=11 (full 0):
 garbage-first heap   total 132096K, used 78431K [0x0000000780000000, 0x0000000800000000)
  region size 1024K, 76 young (77824K), 3 survivors (3072K)
 Metaspace       used 9637K, committed 9920K, reserved 1114112K
  class space    used 924K, committed 1024K, reserved 1048576K
}
Event: 78.256 GC heap after
{Heap after GC invocations=12 (full 0):
 garbage-first heap   total 132096K, used 3867K [0x0000000780000000, 0x0000000800000000)
  region size 1024K, 3 young (3072K), 3 survivors (3072K)
 Metaspace       used 9637K, committed 9920K, reserved 1114112K
  class space    used 924K, committed 1024K, reserved 1048576K
}
Event: 85.431 GC heap before
{Heap before GC invocations=12 (full 0):
 garbage-first heap   total 132096K, used 78619K [0x0000000780000000, 0x0000000800000000)
  region size 1024K, 76 young (77824K), 3 survivors (3072K)
 Metaspace       used 9637K, committed 9920K, reserved 1114112K
  class space    used 924K, committed 1024K, reserved 1048576K
}
Event: 85.436 GC heap after
{Heap after GC invocations=13 (full 0):
 garbage-first heap   total 132096K, used 3745K [0x0000000780000000, 0x0000000800000000)
  region size 1024K, 3 young (3072K), 3 survivors (3072K)
 Metaspace       used 9637K, committed 9920K, reserved 1114112K
  class space    used 924K, committed 1024K, reserved 1048576K
}
Event: 92.563 GC heap before
{Heap before GC invocations=13 (full 0):
 garbage-first heap   total 132096K, used 78497K [0x0000000780000000, 0x0000000800000000)
  region size 1024K, 76 young (77824K), 3 survivors (3072K)
 Metaspace       used 9642K, committed 9920K, reserved 1114112K
  class space    used 924K, committed 1024K, reserved 1048576K
}
Event: 92.566 GC heap after
{Heap after GC invocations=14 (full 0):
 garbage-first heap   total 132096K, used 3743K [0x0000000780000000, 0x0000000800000000)
  region size 1024K, 3 young (3072K), 3 survivors (3072K)
 Metaspace       used 9642K, committed 9920K, reserved 1114112K
  class space    used 924K, committed 1024K, reserved 1048576K
}

